C:\USERS\MARIA\DOCUMENTS\VISUAL STUDIO 2010\PROJECTS\1042020\1042020\DEBUG\1042020.EXE.EMBED.MANIFEST
C:\USERS\MARIA\DOCUMENTS\VISUAL STUDIO 2010\PROJECTS\1042020\1042020\DEBUG\1042020.EXE.EMBED.MANIFEST.RES
C:\USERS\MARIA\DOCUMENTS\VISUAL STUDIO 2010\PROJECTS\1042020\1042020\DEBUG\1042020.EXE.INTERMEDIATE.MANIFEST
C:\USERS\MARIA\DOCUMENTS\VISUAL STUDIO 2010\PROJECTS\1042020\1042020\DEBUG\1042020.OBJ
C:\USERS\MARIA\DOCUMENTS\VISUAL STUDIO 2010\PROJECTS\1042020\1042020\DEBUG\1042020.PCH
c:\Users\Maria\documents\visual studio 2010\Projects\1042020\1042020\Debug\1042020.write.1.tlog
c:\Users\Maria\documents\visual studio 2010\Projects\1042020\1042020\Debug\1042020_manifest.rc
c:\Users\Maria\documents\visual studio 2010\Projects\1042020\1042020\Debug\cl.command.1.tlog
c:\Users\Maria\documents\visual studio 2010\Projects\1042020\1042020\Debug\CL.read.1.tlog
c:\Users\Maria\documents\visual studio 2010\Projects\1042020\1042020\Debug\CL.write.1.tlog
c:\Users\Maria\documents\visual studio 2010\Projects\1042020\1042020\Debug\link.14304.read.1.tlog
c:\Users\Maria\documents\visual studio 2010\Projects\1042020\1042020\Debug\link.14304.write.1.tlog
c:\Users\Maria\documents\visual studio 2010\Projects\1042020\1042020\Debug\link.14304-cvtres.read.1.tlog
c:\Users\Maria\documents\visual studio 2010\Projects\1042020\1042020\Debug\link.14304-cvtres.write.1.tlog
c:\Users\Maria\documents\visual studio 2010\Projects\1042020\1042020\Debug\link.14580.read.1.tlog
c:\Users\Maria\documents\visual studio 2010\Projects\1042020\1042020\Debug\link.14580.write.1.tlog
c:\Users\Maria\documents\visual studio 2010\Projects\1042020\1042020\Debug\link.14580-cvtres.read.1.tlog
c:\Users\Maria\documents\visual studio 2010\Projects\1042020\1042020\Debug\link.14580-cvtres.write.1.tlog
c:\Users\Maria\documents\visual studio 2010\Projects\1042020\1042020\Debug\link.9636.read.1.tlog
c:\Users\Maria\documents\visual studio 2010\Projects\1042020\1042020\Debug\link.9636.write.1.tlog
c:\Users\Maria\documents\visual studio 2010\Projects\1042020\1042020\Debug\link.9636-cvtres.read.1.tlog
c:\Users\Maria\documents\visual studio 2010\Projects\1042020\1042020\Debug\link.9636-cvtres.write.1.tlog
c:\Users\Maria\documents\visual studio 2010\Projects\1042020\1042020\Debug\link.command.1.tlog
c:\Users\Maria\documents\visual studio 2010\Projects\1042020\1042020\Debug\link.read.1.tlog
c:\Users\Maria\documents\visual studio 2010\Projects\1042020\1042020\Debug\link.write.1.tlog
c:\Users\Maria\documents\visual studio 2010\Projects\1042020\1042020\Debug\link-cvtres.read.1.tlog
c:\Users\Maria\documents\visual studio 2010\Projects\1042020\1042020\Debug\link-cvtres.write.1.tlog
c:\Users\Maria\documents\visual studio 2010\Projects\1042020\1042020\Debug\mt.command.1.tlog
c:\Users\Maria\documents\visual studio 2010\Projects\1042020\1042020\Debug\mt.read.1.tlog
c:\Users\Maria\documents\visual studio 2010\Projects\1042020\1042020\Debug\mt.write.1.tlog
c:\Users\Maria\documents\visual studio 2010\Projects\1042020\1042020\Debug\rc.command.1.tlog
c:\Users\Maria\documents\visual studio 2010\Projects\1042020\1042020\Debug\rc.read.1.tlog
c:\Users\Maria\documents\visual studio 2010\Projects\1042020\1042020\Debug\rc.write.1.tlog
C:\USERS\MARIA\DOCUMENTS\VISUAL STUDIO 2010\PROJECTS\1042020\1042020\DEBUG\STDAFX.OBJ
c:\Users\Maria\documents\visual studio 2010\Projects\1042020\1042020\Debug\vc100.idb
C:\USERS\MARIA\DOCUMENTS\VISUAL STUDIO 2010\PROJECTS\1042020\1042020\DEBUG\VC100.PDB
C:\USERS\MARIA\DOCUMENTS\VISUAL STUDIO 2010\PROJECTS\1042020\DEBUG\1042020.EXE
C:\USERS\MARIA\DOCUMENTS\VISUAL STUDIO 2010\PROJECTS\1042020\DEBUG\1042020.ILK
C:\USERS\MARIA\DOCUMENTS\VISUAL STUDIO 2010\PROJECTS\1042020\DEBUG\1042020.PDB
